Problem:    TP1
Rows:       21
Columns:    66
Non-zeros:  198
Status:     OPTIMAL
Objective:  CustoTransporte = 45000 (MINimum)

   No.   Row name   St   Activity     Lower bound   Upper bound    Marginal
------ ------------ -- ------------- ------------- ------------- -------------
     1 CustoTransporte
                    B          45000                             
     2 QddORI[1]    NS          1000          1000             =             2 
     3 QddORI[2]    NS          1000          1000             =             3 
     4 QddORI[3]    NS          1000          1000             =             4 
     5 QddORI[4]    NS          1000          1000             =             5 
     6 QddORI[5]    NS          1000          1000             =             6 
     7 QddDES[16]   NS          1000          1000             =             7 
     8 QddDES[17]   NS          1000          1000             =             6 
     9 QddDES[18]   NS          1000          1000             =             5 
    10 QddDES[19]   NS          1000          1000             =             4 
    11 QddDES[20]   NS          1000          1000             =             3 
    12 conser[6]    NS             0            -0             =             1 
    13 conser[7]    NS             0            -0             =         < eps
    14 conser[8]    NS             0            -0             =            -1 
    15 conser[9]    NS             0            -0             =            -2 
    16 conser[10]   NS             0            -0             =            -3 
    17 conser[11]   NS             0            -0             =             4 
    18 conser[12]   NS             0            -0             =             3 
    19 conser[13]   NS             0            -0             =             2 
    20 conser[14]   NS             0            -0             =             1 
    21 conser[15]   B              0            -0             = 

   No. Column name  St   Activity     Lower bound   Upper bound    Marginal
------ ------------ -- ------------- ------------- ------------- -------------
     1 y[1,6]       NL             0             0                       < eps
     2 y[1,7]       NL             0             0                       < eps
     3 y[1,8]       B           1000             0               
     4 y[2,6]       NL             0             0                       < eps
     5 y[2,7]       NL             0             0                       < eps
     6 y[2,8]       NL             0             0                       < eps
     7 y[2,9]       B           1000             0               
     8 y[3,6]       NL             0             0                       < eps
     9 y[3,7]       NL             0             0                       < eps
    10 y[3,8]       NL             0             0                       < eps
    11 y[3,9]       NL             0             0                       < eps
    12 y[3,10]      B           1000             0               
    13 y[4,6]       NL             0             0                       < eps
    14 y[4,7]       NL             0             0                       < eps
    15 y[4,8]       NL             0             0                       < eps
    16 y[4,9]       NL             0             0                       < eps
    17 y[4,10]      B           1000             0               
    18 y[5,6]       NL             0             0                       < eps
    19 y[5,7]       NL             0             0                       < eps
    20 y[5,8]       NL             0             0                       < eps
    21 y[5,9]       NL             0             0                       < eps
    22 y[5,10]      B           1000             0               
    23 y[6,11]      NL             0             0                       < eps
    24 y[6,12]      NL             0             0                       < eps
    25 y[6,13]      B              0             0               
    26 y[7,11]      NL             0             0                       < eps
    27 y[7,12]      NL             0             0                       < eps
    28 y[7,13]      NL             0             0                       < eps
    29 y[7,14]      B              0             0               
    30 y[8,11]      NL             0             0                       < eps
    31 y[8,12]      NL             0             0                       < eps
    32 y[8,13]      NL             0             0                       < eps
    33 y[8,14]      NL             0             0                       < eps
    34 y[8,15]      B           1000             0               
    35 y[9,11]      NL             0             0                       < eps
    36 y[9,12]      NL             0             0                       < eps
    37 y[9,13]      NL             0             0                       < eps
    38 y[9,14]      NL             0             0                       < eps
    39 y[9,15]      B           1000             0               
    40 y[10,11]     NL             0             0                       < eps
    41 y[10,12]     NL             0             0                       < eps
    42 y[10,13]     NL             0             0                       < eps
    43 y[10,14]     NL             0             0                       < eps
    44 y[10,15]     B           3000             0               
    45 y[11,16]     NL             0             0                       < eps
    46 y[11,17]     NL             0             0                       < eps
    47 y[11,18]     B              0             0               
    48 y[12,16]     NL             0             0                       < eps
    49 y[12,17]     NL             0             0                       < eps
    50 y[12,18]     NL             0             0                       < eps
    51 y[12,19]     B              0             0               
    52 y[13,16]     NL             0             0                       < eps
    53 y[13,17]     NL             0             0                       < eps
    54 y[13,18]     NL             0             0                       < eps
    55 y[13,19]     NL             0             0                       < eps
    56 y[13,20]     B              0             0               
    57 y[14,16]     NL             0             0                       < eps
    58 y[14,17]     NL             0             0                       < eps
    59 y[14,18]     NL             0             0                       < eps
    60 y[14,19]     NL             0             0                       < eps
    61 y[14,20]     B              0             0               
    62 y[15,16]     B           1000             0               
    63 y[15,17]     B           1000             0               
    64 y[15,18]     B           1000             0               
    65 y[15,19]     B           1000             0               
    66 y[15,20]     B           1000             0               

Karush-Kuhn-Tucker optimality conditions:

KKT.PE: max.abs.err = 0.00e+00 on row 0
        max.rel.err = 0.00e+00 on row 0
        High quality

KKT.PB: max.abs.err = 0.00e+00 on row 0
        max.rel.err = 0.00e+00 on row 0
        High quality

KKT.DE: max.abs.err = 0.00e+00 on column 0
        max.rel.err = 0.00e+00 on column 0
        High quality

KKT.DB: max.abs.err = 0.00e+00 on row 0
        max.rel.err = 0.00e+00 on row 0
        High quality

End of output
