Problem:    paletes_vf
Rows:       14
Columns:    37 (36 integer, 36 binary)
Non-zeros:  109
Status:     INTEGER OPTIMAL
Objective:  CustoMovimentacao = 914.76 (MINimum)

   No.   Row name        Activity     Lower bound   Upper bound
------ ------------    ------------- ------------- -------------
     1 CustoMovimentacao
                              914.76                             
     2 ArmzPal[1]                  1             1             = 
     3 ArmzPal[2]                  1             1             = 
     4 ArmzPal[3]                  1             1             = 
     5 ArmzPal[4]                  1             1             = 
     6 ArmzPal[5]                  1             1             = 
     7 ArmzPal[6]                  1             1             = 
     8 OcupNiv[1]               3200                        3200 
     9 OcupNiv[2]               2000                        3200 
    10 OcupNiv[3]                  0                        3200 
    11 OcupNiv[4]                  0                        3200 
    12 OcupNiv[5]                  0                        3200 
    13 OcupNiv[6]                  0                        3200 
    14 tentativa4                  0                         600 

   No. Column name       Activity     Lower bound   Upper bound
------ ------------    ------------- ------------- -------------
     1 y                           0             0               
     2 x[1,1]       *              0             0             1 
     3 x[1,2]       *              1             0             1 
     4 x[1,3]       *              0             0             1 
     5 x[1,4]       *              0             0             1 
     6 x[1,5]       *              0             0             1 
     7 x[1,6]       *              0             0             1 
     8 x[2,1]       *              0             0             1 
     9 x[2,2]       *              1             0             1 
    10 x[2,3]       *              0             0             1 
    11 x[2,4]       *              0             0             1 
    12 x[2,5]       *              0             0             1 
    13 x[2,6]       *              0             0             1 
    14 x[3,1]       *              1             0             1 
    15 x[3,2]       *              0             0             1 
    16 x[3,3]       *              0             0             1 
    17 x[3,4]       *              0             0             1 
    18 x[3,5]       *              0             0             1 
    19 x[3,6]       *              0             0             1 
    20 x[4,1]       *              1             0             1 
    21 x[4,2]       *              0             0             1 
    22 x[4,3]       *              0             0             1 
    23 x[4,4]       *              0             0             1 
    24 x[4,5]       *              0             0             1 
    25 x[4,6]       *              0             0             1 
    26 x[5,1]       *              1             0             1 
    27 x[5,2]       *              0             0             1 
    28 x[5,3]       *              0             0             1 
    29 x[5,4]       *              0             0             1 
    30 x[5,5]       *              0             0             1 
    31 x[5,6]       *              0             0             1 
    32 x[6,1]       *              1             0             1 
    33 x[6,2]       *              0             0             1 
    34 x[6,3]       *              0             0             1 
    35 x[6,4]       *              0             0             1 
    36 x[6,5]       *              0             0             1 
    37 x[6,6]       *              0             0             1 

Integer feasibility conditions:

KKT.PE: max.abs.err = 0.00e+00 on row 0
        max.rel.err = 0.00e+00 on row 0
        High quality

KKT.PB: max.abs.err = 0.00e+00 on row 0
        max.rel.err = 0.00e+00 on row 0
        High quality

End of output
